#
# There is insufficient memory for the Java Runtime Environment to continue.
# Native memory allocation (mmap) failed to map 268435456 bytes for Failed to commit area from 0x0000000701600000 to 0x0000000711600000 of length 268435456.
# Possible reasons:
#   The system is out of physical RAM or swap space
#   The process is running with CompressedOops enabled, and the Java Heap may be blocking the growth of the native heap
# Possible solutions:
#   Reduce memory load on the system
#   Increase physical memory or swap space
#   Check if swap backing store is full
#   Decrease Java heap size (-Xmx/-Xms)
#   Decrease number of Java threads
#   Decrease Java thread stack sizes (-Xss)
#   Set larger code cache with -XX:ReservedCodeCacheSize=
# This output file may be truncated or incomplete.
#
#  Out of Memory Error (./src/hotspot/os/windows/os_windows.cpp:3387), pid=21608, tid=17452
#
# JRE version:  (11.0.14.1+1) (build )
# Java VM: OpenJDK 64-Bit Server VM (11.0.14.1+1, mixed mode, sharing, tiered, compressed oops, g1 gc, windows-amd64)
# No core dump will be written. Minidumps are not enabled by default on client versions of Windows
#

---------------  S U M M A R Y ------------

Command Line: -Dfile.encoding=UTF-8 

Host: AMD Ryzen 5 3500X 6-Core Processor             , 6 cores, 15G,  Windows 10 , 64 bit Build 19041 (10.0.19041.3636)
Time: Wed Jan 17 16:49:03 2024 Türkiye Standart Saati elapsed time: 0.154284 seconds (0d 0h 0m 0s)

---------------  T H R E A D  ---------------

Current thread (0x0000023267abe000):  JavaThread "Unknown thread" [_thread_in_vm, id=17452, stack(0x0000004535300000,0x0000004535400000)]

Stack: [0x0000004535300000,0x0000004535400000]
Native frames: (J=compiled Java code, j=interpreted, Vv=VM code, C=native code)
V  [jvm.dll+0x61e59a]
V  [jvm.dll+0x7aaca9]
V  [jvm.dll+0x7ac398]
V  [jvm.dll+0x7aca73]
V  [jvm.dll+0x24f9b8]
V  [jvm.dll+0x61b83a]
V  [jvm.dll+0x6100c5]
V  [jvm.dll+0x30772c]
V  [jvm.dll+0x3075b2]
V  [jvm.dll+0x30c2d6]
V  [jvm.dll+0x35272f]
V  [jvm.dll+0x352160]
V  [jvm.dll+0x2e4728]
V  [jvm.dll+0x2e5886]
V  [jvm.dll+0x784b07]
V  [jvm.dll+0x78628f]
V  [jvm.dll+0x35f479]
V  [jvm.dll+0x767aa0]
V  [jvm.dll+0x3ccf1f]
V  [jvm.dll+0x3cf2b1]
C  [jli.dll+0x5207]
C  [ucrtbase.dll+0x21bb2]
C  [KERNEL32.DLL+0x17344]
C  [ntdll.dll+0x526b1]


---------------  P R O C E S S  ---------------

Threads class SMR info:
_java_thread_list=0x00000232679e3fe0, length=0, elements={
}

Java Threads: ( => current thread )

Other Threads:
  0x0000023269c0a800 GCTaskThread "GC Thread#0" [stack: 0x0000004535400000,0x0000004535500000] [id=3888]
  0x0000023269c66800 ConcurrentGCThread "G1 Main Marker" [stack: 0x0000004535500000,0x0000004535600000] [id=14088]
  0x0000023269c6a000 ConcurrentGCThread "G1 Conc#0" [stack: 0x0000004535600000,0x0000004535700000] [id=22780]

[error occurred during error reporting (printing all threads), id 0xc0000005, EXCEPTION_ACCESS_VIOLATION (0xc0000005) at pc=0x00007fff1ea23ef7]

VM state:not at safepoint (not fully initialized)

VM Mutex/Monitor currently owned by a thread:  ([mutex/lock_event])
[0x0000023267abde90] Heap_lock - owner thread: 0x0000023267abe000

Heap address: 0x0000000701600000, size: 4074 MB, Compressed Oops mode: Non-zero based: 0x0000000701600000
Narrow klass base: 0x0000000000000000, Narrow klass shift: 0

GC Heap History (0 events):
No events

Deoptimization events (0 events):
No events

Classes redefined (0 events):
No events

Internal exceptions (0 events):
No events

Events (1 events):
Event: 0.006 Loaded shared library C:\Program Files\Unity\Hub\Editor\2022.3.16f1\Editor\Data\PlaybackEngines\AndroidPlayer\OpenJDK\bin\zip.dll


Dynamic libraries:
0x00007ff699070000 - 0x00007ff69907d000 	C:\Program Files\Unity\Hub\Editor\2022.3.16f1\Editor\Data\PlaybackEngines\AndroidPlayer\OpenJDK\bin\java.exe
0x00007fff683b0000 - 0x00007fff685a8000 	C:\WINDOWS\SYSTEM32\ntdll.dll
0x00007fff682b0000 - 0x00007fff6836d000 	C:\WINDOWS\System32\KERNEL32.DLL
0x00007fff66060000 - 0x00007fff66356000 	C:\WINDOWS\System32\KERNELBASE.dll
0x00007fff65d80000 - 0x00007fff65e80000 	C:\WINDOWS\System32\ucrtbase.dll
0x00007fff39b80000 - 0x00007fff39b97000 	C:\Program Files\Unity\Hub\Editor\2022.3.16f1\Editor\Data\PlaybackEngines\AndroidPlayer\OpenJDK\bin\jli.dll
0x00007fff67720000 - 0x00007fff678be000 	C:\WINDOWS\System32\USER32.dll
0x00007fff39b60000 - 0x00007fff39b75000 	C:\Program Files\Unity\Hub\Editor\2022.3.16f1\Editor\Data\PlaybackEngines\AndroidPlayer\OpenJDK\bin\VCRUNTIME140.dll
0x00007fff65f30000 - 0x00007fff65f52000 	C:\WINDOWS\System32\win32u.dll
0x00007fff678c0000 - 0x00007fff678ec000 	C:\WINDOWS\System32\GDI32.dll
0x00007fff4e9c0000 - 0x00007fff4ec5a000 	C:\WINDOWS\WinSxS\amd64_microsoft.windows.common-controls_6595b64144ccf1df_6.0.19041.3636_none_60b6a03d71f818d5\COMCTL32.dll
0x00007fff65ad0000 - 0x00007fff65bea000 	C:\WINDOWS\System32\gdi32full.dll
0x00007fff678f0000 - 0x00007fff6798e000 	C:\WINDOWS\System32\msvcrt.dll
0x00007fff66360000 - 0x00007fff663fd000 	C:\WINDOWS\System32\msvcp_win.dll
0x00007fff67360000 - 0x00007fff67390000 	C:\WINDOWS\System32\IMM32.DLL
0x00007fff1f2c0000 - 0x00007fff1f35b000 	C:\Program Files\Unity\Hub\Editor\2022.3.16f1\Editor\Data\PlaybackEngines\AndroidPlayer\OpenJDK\bin\msvcp140.dll
0x00007fff1e730000 - 0x00007fff1f2b1000 	C:\Program Files\Unity\Hub\Editor\2022.3.16f1\Editor\Data\PlaybackEngines\AndroidPlayer\OpenJDK\bin\server\jvm.dll
0x00007fff67990000 - 0x00007fff67a43000 	C:\WINDOWS\System32\ADVAPI32.dll
0x00007fff681b0000 - 0x00007fff6824f000 	C:\WINDOWS\System32\sechost.dll
0x00007fff66400000 - 0x00007fff66526000 	C:\WINDOWS\System32\RPCRT4.dll
0x00007fff65d50000 - 0x00007fff65d77000 	C:\WINDOWS\System32\bcrypt.dll
0x00007fff66cd0000 - 0x00007fff66cd8000 	C:\WINDOWS\System32\PSAPI.DLL
0x00007fff4a6f0000 - 0x00007fff4a6f9000 	C:\WINDOWS\SYSTEM32\WSOCK32.dll
0x00007fff5c130000 - 0x00007fff5c157000 	C:\WINDOWS\SYSTEM32\WINMM.dll
0x00007fff673f0000 - 0x00007fff6745b000 	C:\WINDOWS\System32\WS2_32.dll
0x00007fff5d030000 - 0x00007fff5d03a000 	C:\WINDOWS\SYSTEM32\VERSION.dll
0x00007fff63950000 - 0x00007fff63962000 	C:\WINDOWS\SYSTEM32\kernel.appcore.dll
0x00007fff39b50000 - 0x00007fff39b60000 	C:\Program Files\Unity\Hub\Editor\2022.3.16f1\Editor\Data\PlaybackEngines\AndroidPlayer\OpenJDK\bin\verify.dll
0x00007fff5c7b0000 - 0x00007fff5c994000 	C:\WINDOWS\SYSTEM32\DBGHELP.DLL
0x00007fff4f930000 - 0x00007fff4f964000 	C:\WINDOWS\SYSTEM32\dbgcore.DLL
0x00007fff65fd0000 - 0x00007fff66052000 	C:\WINDOWS\System32\bcryptPrimitives.dll
0x00007fff38f00000 - 0x00007fff38f28000 	C:\Program Files\Unity\Hub\Editor\2022.3.16f1\Editor\Data\PlaybackEngines\AndroidPlayer\OpenJDK\bin\java.dll
0x00007fff38ef0000 - 0x00007fff38efa000 	C:\Program Files\Unity\Hub\Editor\2022.3.16f1\Editor\Data\PlaybackEngines\AndroidPlayer\OpenJDK\bin\jimage.dll
0x00007fff1e710000 - 0x00007fff1e728000 	C:\Program Files\Unity\Hub\Editor\2022.3.16f1\Editor\Data\PlaybackEngines\AndroidPlayer\OpenJDK\bin\zip.dll

dbghelp: loaded successfully - version: 4.0.5 - missing functions: none
symbol engine: initialized successfully - sym options: 0x614 - pdb path: .;C:\Program Files\Unity\Hub\Editor\2022.3.16f1\Editor\Data\PlaybackEngines\AndroidPlayer\OpenJDK\bin;C:\WINDOWS\SYSTEM32;C:\WINDOWS\WinSxS\amd64_microsoft.windows.common-controls_6595b64144ccf1df_6.0.19041.3636_none_60b6a03d71f818d5;C:\Program Files\Unity\Hub\Editor\2022.3.16f1\Editor\Data\PlaybackEngines\AndroidPlayer\OpenJDK\bin\server

VM Arguments:
jvm_args: -Dfile.encoding=UTF-8 
java_command: <unknown>
java_class_path (initial): <not set>
Launcher Type: SUN_STANDARD

[Global flags]
     intx CICompilerCount                          = 3                                         {product} {ergonomic}
     uint ConcGCThreads                            = 2                                         {product} {ergonomic}
     uint G1ConcRefinementThreads                  = 6                                         {product} {ergonomic}
   size_t G1HeapRegionSize                         = 1048576                                   {product} {ergonomic}
    uintx GCDrainStackTargetSize                   = 64                                        {product} {ergonomic}
   size_t InitialHeapSize                          = 268435456                                 {product} {ergonomic}
   size_t MarkStackSize                            = 4194304                                   {product} {ergonomic}
   size_t MaxHeapSize                              = 4271898624                                {product} {ergonomic}
   size_t MinHeapDeltaBytes                        = 1048576                                   {product} {ergonomic}
    uintx NonNMethodCodeHeapSize                   = 5830732                                {pd product} {ergonomic}
    uintx NonProfiledCodeHeapSize                  = 122913754                              {pd product} {ergonomic}
    uintx ProfiledCodeHeapSize                     = 122913754                              {pd product} {ergonomic}
    uintx ReservedCodeCacheSize                    = 251658240                              {pd product} {ergonomic}
     bool SegmentedCodeCache                       = true                                      {product} {ergonomic}
     bool UseCompressedClassPointers               = true                                 {lp64_product} {ergonomic}
     bool UseCompressedOops                        = true                                 {lp64_product} {ergonomic}
     bool UseG1GC                                  = true                                      {product} {ergonomic}
     bool UseLargePagesIndividualAllocation        = false                                  {pd product} {ergonomic}

Logging:
Log output configuration:
 #0: stdout all=warning uptime,level,tags
 #1: stderr all=off uptime,level,tags

Environment Variables:
JAVA_HOME=C:\Program Files\Unity\Hub\Editor\2022.3.16f1\Editor\Data\PlaybackEngines\AndroidPlayer\OpenJDK
JAVA_TOOL_OPTIONS=-Dfile.encoding=UTF-8
PATH=C:\Program Files (x86)\Razer Chroma SDK\bin;C:\Program Files\Razer Chroma SDK\bin;C:\Program Files (x86)\Razer\ChromaBroadcast\bin;C:\Program Files\Razer\ChromaBroadcast\bin;C:\Program Files\Microsoft\jdk-11.0.16.101-hotspot\bin;C:\Program Files (x86)\NVIDIA Corporation\PhysX\Common;C:\Program Files (x86)\Common Files\Oracle\Java\javapath;C:\WINDOWS\system32;C:\WINDOWS;C:\WINDOWS\System32\Wbem;C:\WINDOWS\System32\WindowsPowerShell\v1.0\;C:\WINDOWS\System32\OpenSSH\;C:\Program Files\Microsoft SQL Server\150\Tools\Binn\;C:\Program Files\Microsoft SQL Server\Client SDK\ODBC\170\Tools\Binn\;C:\Program Files\dotnet\;C:\WINDOWS\system32\config\systemprofile\AppData\Local\Microsoft\WindowsApps;C:\Users\Casseia\AppData\Local\Microsoft\WindowsApps;C:\Users\Casseia\.dotnet\tools;C:\Users\Casseia\AppData\Local\Programs\Microsoft VS Code\bin;C:\Users\Casseia\AppData\Local\Microsoft\WindowsApps;C:\Users\Casseia\.dotnet\tools;C:\Users\Casseia\AppData\Local\Programs\Microsoft VS Code\bin;C:\Users\Casseia\AppData\Local\GitHubDesktop\bin
USERNAME=Casseia
OS=Windows_NT
PROCESSOR_IDENTIFIER=AMD64 Family 23 Model 113 Stepping 0, AuthenticAMD



---------------  S Y S T E M  ---------------

OS: Windows 10 , 64 bit Build 19041 (10.0.19041.3636)
OS uptime: 1 days 0:48 hours

CPU:total 6 (initial active 6) (6 cores per cpu, 1 threads per core) family 23 model 113 stepping 0 microcode 0x0, cmov, cx8, fxsr, mmx, sse, sse2, sse3, ssse3, sse4.1, sse4.2, popcnt, avx, avx2, aes, clmul, mmxext, 3dnowpref, lzcnt, sse4a, tsc, tscinvbit, tscinv, bmi1, bmi2, adx, sha, fma

Memory: 4k page, system-wide physical 16295M (243M free)
TotalPageFile size 65447M (AvailPageFile size 96M)
current process WorkingSet (physical memory assigned to process): 10M, peak: 10M
current process commit charge ("private bytes"): 56M, peak: 312M

vm_info: OpenJDK 64-Bit Server VM (11.0.14.1+1) for windows-amd64 JRE (11.0.14.1+1), built on Feb  9 2022 01:48:27 by "" with unknown MS VC++:1916

END.
